=== Testing Cudd_DebugCheck ===
Cudd_DebugCheck passed on valid BDD heap
=== Testing Cudd_CheckKeys ===
Average length of non-empty lists = 1
Cudd_CheckKeys passed: 0 subtables with wrong key count
=== Testing cuddHeapProfile ===
*** DD heap profile for 0x56281d0642b0 ***
    0:     2 nodes
    1:     2 nodes
    2:     2 nodes
    3:     2 nodes
    4:     2 nodes
    5:     2 nodes
    6:     2 nodes
    7:     1 nodes
const:     4 nodes
Summary: 9 tables, 9 non-empty, largest: 2147483647 (with 4 nodes)
cuddHeapProfile passed
=== Testing cuddPrintNode ===
Printing nodes:
       node 0x56281d0655e0, id = 0, ref = 1, then = 0x56281d0655c0, else = 0x56281d0654a1
       node 0x56281d0655c0, id = 1, ref = 1, then = 0x56281d0655a0, else = 0x56281d0654a1
       node 0x56281d0654a0, id = 2147483647, ref = 12, then = 0x3ff0000000000000, else = 0x56281d0642b0
cuddPrintNode tests passed
=== Testing cuddPrintVarGroups ===
Printing BDD variable groups:
(0(0,3)(4,7|F)7)

Printing ZDD variable groups:
(0(0,3)(4,7|F)7)

cuddPrintVarGroups tests passed
=== Testing checks with ZDD ===
Average length of non-empty lists = 0.258065
Cudd_DebugCheck with ZDD passed
Cudd_CheckKeys with ZDD returned 0
=== Testing checks with constants ===
Average length of non-empty lists = 1
Tests with constants passed
=== Testing checks with reordering ===
Average length of non-empty lists = 1
Cudd_CheckKeys after reordering: 0
Tests with reordering passed
=== Testing checks with dead nodes ===
Average length of non-empty lists = 1
Tests with dead nodes passed
=== Testing checks with large structure ===
*** DD heap profile for 0x56281d0642b0 ***
    0:     3 nodes
    1:     4 nodes
    2:     5 nodes
    3:     6 nodes
    4:     7 nodes
    5:     8 nodes
    6:     9 nodes
    7:    10 nodes
    8:     2 nodes
    9:     2 nodes
   10:     2 nodes
   11:     2 nodes
   12:     2 nodes
   13:     2 nodes
   14:     2 nodes
   15:     1 nodes
const:    12 nodes
Summary: 17 tables, 17 non-empty, largest: 2147483647 (with 12 nodes)
Average length of non-empty lists = 1.01183
Tests with large structure passed
